APLICACIÓ/App_Projecte_3/app/build/intermediates/manifest_merge_blame_file/debug/manifest-merger-blame-debug-report.txt
1<?xml version="1.0" encoding="utf-8"?>
2<manifest xmlns:android="http://schemas.android.com/apk/res/android"
3    package="org.milaifontanals.projecte3"
4    android:versionCode="1"
5    android:versionName="1.0" >
6
7    <uses-sdk
8        android:minSdkVersion="21"
8-->src\main\AndroidManifest.xml
9        android:targetSdkVersion="33" />
9-->src\main\AndroidManifest.xml
10
11    <uses-permission android:name="android.permission.INTERNET" />
11-->src\main\AndroidManifest.xml:5:5-67
11-->src\main\AndroidManifest.xml:5:22-64
12
13    <permission
13-->[androidx.core:core:1.9.0] AndroidManifest.xml:22:5-24:47
14        android:name="org.milaifontanals.projecte3.DYNAMIC_RECEIVER_NOT_EXPORTED_PERMISSION"
14-->[androidx.core:core:1.9.0] AndroidManifest.xml:23:9-81
15        android:protectionLevel="signature" />
15-->[androidx.core:core:1.9.0] AndroidManifest.xml:24:9-44
16
17    <uses-permission android:name="org.milaifontanals.projecte3.DYNAMIC_RECEIVER_NOT_EXPORTED_PERMISSION" /> <!-- Permission will be merged into the manifest of the hosting app. -->
17-->[androidx.core:core:1.9.0] AndroidManifest.xml:26:5-97
17-->[androidx.core:core:1.9.0] AndroidManifest.xml:26:22-94
18    <!-- Is required to launch foreground extraction service for targetSdkVersion 28+. -->
19    <uses-permission android:name="android.permission.FOREGROUND_SERVICE" />
19-->[com.google.android.play:core:1.10.3] AndroidManifest.xml:13:5-77
19-->[com.google.android.play:core:1.10.3] AndroidManifest.xml:13:22-74
20
21    <application
21-->src\main\AndroidManifest.xml:7:5-32:19
22        android:allowBackup="true"
22-->src\main\AndroidManifest.xml:8:9-35
23        android:appComponentFactory="androidx.core.app.CoreComponentFactory"
23-->[androidx.core:core:1.9.0] AndroidManifest.xml:28:18-86
24        android:dataExtractionRules="@xml/data_extraction_rules"
24-->src\main\AndroidManifest.xml:9:9-65
25        android:debuggable="true"
26        android:fullBackupContent="@xml/backup_rules"
26-->src\main\AndroidManifest.xml:10:9-54
27        android:icon="@mipmap/icona_pathfinder"
27-->src\main\AndroidManifest.xml:11:9-48
28        android:label="@string/app_name"
28-->src\main\AndroidManifest.xml:12:9-41
29        android:roundIcon="@mipmap/ic_launcher_round"
29-->src\main\AndroidManifest.xml:13:9-54
30        android:supportsRtl="true"
30-->src\main\AndroidManifest.xml:14:9-35
31        android:testOnly="true"
32        android:theme="@style/Theme.Projecte3"
32-->src\main\AndroidManifest.xml:15:9-47
33        android:usesCleartextTraffic="true" >
33-->src\main\AndroidManifest.xml:17:9-44
34        <activity
34-->src\main\AndroidManifest.xml:19:9-31:20
35            android:name="org.milaifontanals.projecte3.MainActivity"
35-->src\main\AndroidManifest.xml:20:13-41
36            android:exported="true" >
36-->src\main\AndroidManifest.xml:21:13-36
37            <intent-filter>
37-->src\main\AndroidManifest.xml:22:13-26:29
38                <action android:name="android.intent.action.MAIN" />
38-->src\main\AndroidManifest.xml:23:17-69
38-->src\main\AndroidManifest.xml:23:25-66
39
40                <category android:name="android.intent.category.LAUNCHER" />
40-->src\main\AndroidManifest.xml:25:17-77
40-->src\main\AndroidManifest.xml:25:27-74
41            </intent-filter>
42
43            <meta-data
43-->src\main\AndroidManifest.xml:28:13-30:36
44                android:name="android.app.lib_name"
44-->src\main\AndroidManifest.xml:29:17-52
45                android:value="" />
45-->src\main\AndroidManifest.xml:30:17-33
46        </activity>
47
48        <provider
48-->[androidx.emoji2:emoji2:1.2.0] AndroidManifest.xml:24:9-32:20
49            android:name="androidx.startup.InitializationProvider"
49-->[androidx.emoji2:emoji2:1.2.0] AndroidManifest.xml:25:13-67
50            android:authorities="org.milaifontanals.projecte3.androidx-startup"
50-->[androidx.emoji2:emoji2:1.2.0] AndroidManifest.xml:26:13-68
51            android:exported="false" >
51-->[androidx.emoji2:emoji2:1.2.0] AndroidManifest.xml:27:13-37
52            <meta-data
52-->[androidx.emoji2:emoji2:1.2.0] AndroidManifest.xml:29:13-31:52
53                android:name="androidx.emoji2.text.EmojiCompatInitializer"
53-->[androidx.emoji2:emoji2:1.2.0] AndroidManifest.xml:30:17-75
54                android:value="androidx.startup" />
54-->[androidx.emoji2:emoji2:1.2.0] AndroidManifest.xml:31:17-49
55            <meta-data
55-->[androidx.lifecycle:lifecycle-process:2.4.1] AndroidManifest.xml:31:13-33:52
56                android:name="androidx.lifecycle.ProcessLifecycleInitializer"
56-->[androidx.lifecycle:lifecycle-process:2.4.1] AndroidManifest.xml:32:17-78
57                android:value="androidx.startup" />
57-->[androidx.lifecycle:lifecycle-process:2.4.1] AndroidManifest.xml:33:17-49
58            <meta-data
58-->[androidx.profileinstaller:profileinstaller:1.0.1] AndroidManifest.xml:31:13-33:52
59                android:name="androidx.profileinstaller.ProfileInstallerInitializer"
59-->[androidx.profileinstaller:profileinstaller:1.0.1] AndroidManifest.xml:32:17-85
60                android:value="androidx.startup" />
60-->[androidx.profileinstaller:profileinstaller:1.0.1] AndroidManifest.xml:33:17-49
61        </provider>
62
63        <uses-library
63-->[androidx.window:window:1.0.0] AndroidManifest.xml:25:9-27:40
64            android:name="androidx.window.extensions"
64-->[androidx.window:window:1.0.0] AndroidManifest.xml:26:13-54
65            android:required="false" />
65-->[androidx.window:window:1.0.0] AndroidManifest.xml:27:13-37
66        <uses-library
66-->[androidx.window:window:1.0.0] AndroidManifest.xml:28:9-30:40
67            android:name="androidx.window.sidecar"
67-->[androidx.window:window:1.0.0] AndroidManifest.xml:29:13-51
68            android:required="false" />
68-->[androidx.window:window:1.0.0] AndroidManifest.xml:30:13-37
69
70        <receiver
70-->[androidx.profileinstaller:profileinstaller:1.0.1] AndroidManifest.xml:36:9-45:20
71            android:name="androidx.profileinstaller.ProfileInstallReceiver"
71-->[androidx.profileinstaller:profileinstaller:1.0.1] AndroidManifest.xml:37:13-76
72            android:directBootAware="false"
72-->[androidx.profileinstaller:profileinstaller:1.0.1] AndroidManifest.xml:38:13-44
73            android:enabled="true"
73-->[androidx.profileinstaller:profileinstaller:1.0.1] AndroidManifest.xml:39:13-35
74            android:exported="true"
74-->[androidx.profileinstaller:profileinstaller:1.0.1] AndroidManifest.xml:40:13-36
75            android:permission="android.permission.DUMP" >
75-->[androidx.profileinstaller:profileinstaller:1.0.1] AndroidManifest.xml:41:13-57
76            <intent-filter>
76-->[androidx.profileinstaller:profileinstaller:1.0.1] AndroidManifest.xml:42:13-44:29
77                <action android:name="androidx.profileinstaller.action.INSTALL_PROFILE" />
77-->[androidx.profileinstaller:profileinstaller:1.0.1] AndroidManifest.xml:43:17-91
77-->[androidx.profileinstaller:profileinstaller:1.0.1] AndroidManifest.xml:43:25-88
78            </intent-filter>
79        </receiver> <!-- The activities will be merged into the manifest of the hosting app. -->
80        <activity
80-->[com.google.android.play:core:1.10.3] AndroidManifest.xml:18:9-24:45
81            android:name="com.google.android.play.core.missingsplits.PlayCoreMissingSplitsActivity"
81-->[com.google.android.play:core:1.10.3] AndroidManifest.xml:19:13-100
82            android:enabled="false"
82-->[com.google.android.play:core:1.10.3] AndroidManifest.xml:20:13-36
83            android:exported="false"
83-->[com.google.android.play:core:1.10.3] AndroidManifest.xml:21:13-37
84            android:launchMode="singleInstance"
84-->[com.google.android.play:core:1.10.3] AndroidManifest.xml:22:13-48
85            android:process=":playcore_missing_splits_activity"
85-->[com.google.android.play:core:1.10.3] AndroidManifest.xml:23:13-64
86            android:stateNotNeeded="true" />
86-->[com.google.android.play:core:1.10.3] AndroidManifest.xml:24:13-42
87        <activity
87-->[com.google.android.play:core:1.10.3] AndroidManifest.xml:25:9-29:65
88            android:name="com.google.android.play.core.common.PlayCoreDialogWrapperActivity"
88-->[com.google.android.play:core:1.10.3] AndroidManifest.xml:26:13-93
89            android:exported="false"
89-->[com.google.android.play:core:1.10.3] AndroidManifest.xml:27:13-37
90            android:stateNotNeeded="true"
90-->[com.google.android.play:core:1.10.3] AndroidManifest.xml:28:13-42
91            android:theme="@style/Theme.PlayCore.Transparent" /> <!-- The services will be merged into the manifest of the hosting app. -->
91-->[com.google.android.play:core:1.10.3] AndroidManifest.xml:29:13-62
92        <service
92-->[com.google.android.play:core:1.10.3] AndroidManifest.xml:32:9-39:19
93            android:name="com.google.android.play.core.assetpacks.AssetPackExtractionService"
93-->[com.google.android.play:core:1.10.3] AndroidManifest.xml:33:13-94
94            android:enabled="false"
94-->[com.google.android.play:core:1.10.3] AndroidManifest.xml:34:13-36
95            android:exported="true" >
95-->[com.google.android.play:core:1.10.3] AndroidManifest.xml:35:13-36
96            <meta-data
96-->[com.google.android.play:core:1.10.3] AndroidManifest.xml:36:13-38:41
97                android:name="com.google.android.play.core.assetpacks.versionCode"
97-->[com.google.android.play:core:1.10.3] AndroidManifest.xml:37:17-83
98                android:value="11003" />
98-->[com.google.android.play:core:1.10.3] AndroidManifest.xml:38:17-38
99        </service>
100        <service
100-->[com.google.android.play:core:1.10.3] AndroidManifest.xml:40:9-43:40
101            android:name="com.google.android.play.core.assetpacks.ExtractionForegroundService"
101-->[com.google.android.play:core:1.10.3] AndroidManifest.xml:41:13-95
102            android:enabled="false"
102-->[com.google.android.play:core:1.10.3] AndroidManifest.xml:42:13-36
103            android:exported="false" />
103-->[com.google.android.play:core:1.10.3] AndroidManifest.xml:43:13-37
104    </application>
105
106</manifest>